<?xml version="1.0" encoding="UTF-8"?>
<testsuite name="book.standup.com.springboot.web.PostsApiControllerTest" tests="1" skipped="0" failures="0" errors="0" timestamp="2020-04-18T14:03:42" hostname="jeong-gwang-geun-ui-MacBook-Pro.local" time="0.534">
  <properties/>
  <testcase name="registPosts" classname="book.standup.com.springboot.web.PostsApiControllerTest" time="0.534"/>
  <system-out><![CDATA[23:03:33.354 [Test worker] DEBUG org.springframework.test.context.junit4.SpringJUnit4ClassRunner - SpringJUnit4ClassRunner constructor called with [class book.standup.com.springboot.web.PostsApiControllerTest]
23:03:33.362 [Test worker] DEBUG org.springframework.test.context.BootstrapUtils - Instantiating CacheAwareContextLoaderDelegate from class [org.springframework.test.context.cache.DefaultCacheAwareContextLoaderDelegate]
23:03:33.368 [Test worker] DEBUG org.springframework.test.context.BootstrapUtils - Instantiating BootstrapContext using constructor [public org.springframework.test.context.support.DefaultBootstrapContext(java.lang.Class,org.springframework.test.context.CacheAwareContextLoaderDelegate)]
23:03:33.382 [Test worker] DEBUG org.springframework.test.context.BootstrapUtils - Instantiating TestContextBootstrapper for test class [book.standup.com.springboot.web.PostsApiControllerTest] from class [org.springframework.boot.test.context.SpringBootTestContextBootstrapper]
23:03:33.390 [Test worker] INFO org.springframework.boot.test.context.SpringBootTestContextBootstrapper - Neither @ContextConfiguration nor @ContextHierarchy found for test class [book.standup.com.springboot.web.PostsApiControllerTest], using SpringBootContextLoader
23:03:33.393 [Test worker] DEBUG org.springframework.test.context.support.AbstractContextLoader - Did not detect default resource location for test class [book.standup.com.springboot.web.PostsApiControllerTest]: class path resource [book/standup/com/springboot/web/PostsApiControllerTest-context.xml] does not exist
23:03:33.394 [Test worker] DEBUG org.springframework.test.context.support.AbstractContextLoader - Did not detect default resource location for test class [book.standup.com.springboot.web.PostsApiControllerTest]: class path resource [book/standup/com/springboot/web/PostsApiControllerTestContext.groovy] does not exist
23:03:33.394 [Test worker] INFO org.springframework.test.context.support.AbstractContextLoader - Could not detect default resource locations for test class [book.standup.com.springboot.web.PostsApiControllerTest]: no resource found for suffixes {-context.xml, Context.groovy}.
23:03:33.394 [Test worker] INFO org.springframework.test.context.support.AnnotationConfigContextLoaderUtils - Could not detect default configuration classes for test class [book.standup.com.springboot.web.PostsApiControllerTest]: PostsApiControllerTest does not declare any static, non-private, non-final, nested classes annotated with @Configuration.
23:03:33.423 [Test worker] DEBUG org.springframework.test.context.support.ActiveProfilesUtils - Could not find an 'annotation declaring class' for annotation type [org.springframework.test.context.ActiveProfiles] and class [book.standup.com.springboot.web.PostsApiControllerTest]
23:03:33.487 [Test worker] DEBUG org.springframework.context.annotation.ClassPathScanningCandidateComponentProvider - Identified candidate component class: file [/Users/jeong-gwang-geun/Documents/PersonalStudy/spring-boot/build/classes/java/main/book/standup/com/springboot/Application.class]
23:03:33.488 [Test worker] INFO org.springframework.boot.test.context.SpringBootTestContextBootstrapper - Found @SpringBootConfiguration book.standup.com.springboot.Application for test class book.standup.com.springboot.web.PostsApiControllerTest
23:03:33.548 [Test worker] DEBUG org.springframework.boot.test.context.SpringBootTestContextBootstrapper - @TestExecutionListeners is not present for class [book.standup.com.springboot.web.PostsApiControllerTest]: using defaults.
23:03:33.548 [Test worker] INFO org.springframework.boot.test.context.SpringBootTestContextBootstrapper - Loaded default TestExecutionListener class names from location [META-INF/spring.factories]: [org.springframework.boot.test.autoconfigure.restdocs.RestDocsTestExecutionListener, org.springframework.boot.test.autoconfigure.web.client.MockRestServiceServerResetTestExecutionListener, org.springframework.boot.test.autoconfigure.web.servlet.MockMvcPrintOnlyOnFailureTestExecutionListener, org.springframework.boot.test.autoconfigure.web.servlet.WebDriverTestExecutionListener, org.springframework.boot.test.mock.mockito.MockitoTestExecutionListener, org.springframework.boot.test.mock.mockito.ResetMocksTestExecutionListener, org.springframework.test.context.web.ServletTestExecutionListener, org.springframework.test.context.support.DirtiesContextBeforeModesTestExecutionListener, org.springframework.test.context.support.DependencyInjectionTestExecutionListener, org.springframework.test.context.support.DirtiesContextTestExecutionListener, org.springframework.test.context.transaction.TransactionalTestExecutionListener, org.springframework.test.context.jdbc.SqlScriptsTestExecutionListener]
23:03:33.559 [Test worker] INFO org.springframework.boot.test.context.SpringBootTestContextBootstrapper - Using TestExecutionListeners: [org.springframework.test.context.web.ServletTestExecutionListener@7b4997c5, org.springframework.test.context.support.DirtiesContextBeforeModesTestExecutionListener@20225f4f, org.springframework.boot.test.mock.mockito.MockitoTestExecutionListener@43fa042b, org.springframework.boot.test.autoconfigure.SpringBootDependencyInjectionTestExecutionListener@2a0a0b3f, org.springframework.test.context.support.DirtiesContextTestExecutionListener@1dca4604, org.springframework.test.context.transaction.TransactionalTestExecutionListener@2f20bad5, org.springframework.test.context.jdbc.SqlScriptsTestExecutionListener@3c683846, org.springframework.boot.test.autoconfigure.restdocs.RestDocsTestExecutionListener@46418f07, org.springframework.boot.test.autoconfigure.web.client.MockRestServiceServerResetTestExecutionListener@9f40bad, org.springframework.boot.test.autoconfigure.web.servlet.MockMvcPrintOnlyOnFailureTestExecutionListener@2328fe54, org.springframework.boot.test.autoconfigure.web.servlet.WebDriverTestExecutionListener@5e7f487f, org.springframework.boot.test.mock.mockito.ResetMocksTestExecutionListener@148ccd00]
23:03:33.561 [Test worker] DEBUG org.springframework.test.annotation.ProfileValueUtils - Retrieved @ProfileValueSourceConfiguration [null] for test class [book.standup.com.springboot.web.PostsApiControllerTest]
23:03:33.562 [Test worker] DEBUG org.springframework.test.annotation.ProfileValueUtils - Retrieved ProfileValueSource type [class org.springframework.test.annotation.SystemProfileValueSource] for class [book.standup.com.springboot.web.PostsApiControllerTest]
23:03:33.564 [Test worker] DEBUG org.springframework.test.annotation.ProfileValueUtils - Retrieved @ProfileValueSourceConfiguration [null] for test class [book.standup.com.springboot.web.PostsApiControllerTest]
23:03:33.564 [Test worker] DEBUG org.springframework.test.annotation.ProfileValueUtils - Retrieved ProfileValueSource type [class org.springframework.test.annotation.SystemProfileValueSource] for class [book.standup.com.springboot.web.PostsApiControllerTest]
23:03:33.564 [Test worker] DEBUG org.springframework.test.annotation.ProfileValueUtils - Retrieved @ProfileValueSourceConfiguration [null] for test class [book.standup.com.springboot.web.PostsApiControllerTest]
23:03:33.565 [Test worker] DEBUG org.springframework.test.annotation.ProfileValueUtils - Retrieved ProfileValueSource type [class org.springframework.test.annotation.SystemProfileValueSource] for class [book.standup.com.springboot.web.PostsApiControllerTest]
23:03:33.568 [Test worker] DEBUG org.springframework.test.context.support.AbstractDirtiesContextTestExecutionListener - Before test class: context [DefaultTestContext@3460d340 testClass = PostsApiControllerTest, testInstance = [null], testMethod = [null], testException = [null], mergedContextConfiguration = [WebMergedContextConfiguration@3b421777 testClass = PostsApiControllerTest, locations = '{}', classes = '{class book.standup.com.springboot.Application}', contextInitializerClasses = '[]', activeProfiles = '{}', propertySourceLocations = '{}', propertySourceProperties = '{org.springframework.boot.test.context.SpringBootTestContextBootstrapper=true, server.port=0}', contextCustomizers = set[org.springframework.boot.test.autoconfigure.properties.PropertyMappingContextCustomizer@0, org.springframework.boot.test.autoconfigure.web.servlet.WebDriverContextCustomizerFactory$Customizer@3f8b7938, org.springframework.boot.test.context.filter.ExcludeFilterContextCustomizer@3c4aa58a, org.springframework.boot.test.json.DuplicateJsonObjectContextCustomizerFactory$DuplicateJsonObjectContextCustomizer@29eb380b, org.springframework.boot.test.mock.mockito.MockitoContextCustomizer@0, org.springframework.boot.test.web.client.TestRestTemplateContextCustomizer@1153ce42], resourceBasePath = 'src/main/webapp', contextLoader = 'org.springframework.boot.test.context.SpringBootContextLoader', parent = [null]], attributes = map['org.springframework.test.context.web.ServletTestExecutionListener.activateListener' -> false]], class annotated with @DirtiesContext [false] with mode [null].
23:03:33.568 [Test worker] DEBUG org.springframework.test.annotation.ProfileValueUtils - Retrieved @ProfileValueSourceConfiguration [null] for test class [book.standup.com.springboot.web.PostsApiControllerTest]
23:03:33.568 [Test worker] DEBUG org.springframework.test.annotation.ProfileValueUtils - Retrieved ProfileValueSource type [class org.springframework.test.annotation.SystemProfileValueSource] for class [book.standup.com.springboot.web.PostsApiControllerTest]
23:03:33.572 [Test worker] DEBUG org.springframework.test.context.support.DependencyInjectionTestExecutionListener - Performing dependency injection for test context [[DefaultTestContext@3460d340 testClass = PostsApiControllerTest, testInstance = book.standup.com.springboot.web.PostsApiControllerTest@cdfcec, testMethod = [null], testException = [null], mergedContextConfiguration = [WebMergedContextConfiguration@3b421777 testClass = PostsApiControllerTest, locations = '{}', classes = '{class book.standup.com.springboot.Application}', contextInitializerClasses = '[]', activeProfiles = '{}', propertySourceLocations = '{}', propertySourceProperties = '{org.springframework.boot.test.context.SpringBootTestContextBootstrapper=true, server.port=0}', contextCustomizers = set[org.springframework.boot.test.autoconfigure.properties.PropertyMappingContextCustomizer@0, org.springframework.boot.test.autoconfigure.web.servlet.WebDriverContextCustomizerFactory$Customizer@3f8b7938, org.springframework.boot.test.context.filter.ExcludeFilterContextCustomizer@3c4aa58a, org.springframework.boot.test.json.DuplicateJsonObjectContextCustomizerFactory$DuplicateJsonObjectContextCustomizer@29eb380b, org.springframework.boot.test.mock.mockito.MockitoContextCustomizer@0, org.springframework.boot.test.web.client.TestRestTemplateContextCustomizer@1153ce42], resourceBasePath = 'src/main/webapp', contextLoader = 'org.springframework.boot.test.context.SpringBootContextLoader', parent = [null]], attributes = map['org.springframework.test.context.web.ServletTestExecutionListener.activateListener' -> false]]].
23:03:33.586 [Test worker] DEBUG org.springframework.test.context.support.TestPropertySourceUtils - Adding inlined properties to environment: {spring.jmx.enabled=false, org.springframework.boot.test.context.SpringBootTestContextBootstrapper=true, server.port=0}

  .   ____          _            __ _ _
 /\\ / ___'_ __ _ _(_)_ __  __ _ \ \ \ \
( ( )\___ | '_ | '_| | '_ \/ _` | \ \ \ \
 \\/  ___)| |_)| | | | | || (_| |  ) ) ) )
  '  |____| .__|_| |_|_| |_\__, | / / / /
 =========|_|==============|___/=/_/_/_/
 :: Spring Boot ::        (v2.1.7.RELEASE)

2020-04-18 23:03:38.781  INFO 32534 --- [    Test worker] b.s.c.s.web.PostsApiControllerTest       : Starting PostsApiControllerTest on jeong-gwang-geun-ui-MacBook-Pro.local with PID 32534 (started by jeong-gwang-geun in /Users/jeong-gwang-geun/Documents/PersonalStudy/spring-boot)
2020-04-18 23:03:38.782  INFO 32534 --- [    Test worker] b.s.c.s.web.PostsApiControllerTest       : No active profile set, falling back to default profiles: default
2020-04-18 23:03:39.221  INFO 32534 --- [    Test worker] .s.d.r.c.RepositoryConfigurationDelegate : Bootstrapping Spring Data repositories in DEFAULT mode.
2020-04-18 23:03:39.280  INFO 32534 --- [    Test worker] .s.d.r.c.RepositoryConfigurationDelegate : Finished Spring Data repository scanning in 52ms. Found 1 repository interfaces.
2020-04-18 23:03:39.627  INFO 32534 --- [    Test worker] trationDelegate$BeanPostProcessorChecker : Bean 'org.springframework.transaction.annotation.ProxyTransactionManagementConfiguration' of type [org.springframework.transaction.annotation.ProxyTransactionManagementConfiguration$$EnhancerBySpringCGLIB$$abc92437] is not eligible for getting processed by all BeanPostProcessors (for example: not eligible for auto-proxying)
2020-04-18 23:03:39.969  INFO 32534 --- [    Test worker] o.s.b.w.embedded.tomcat.TomcatWebServer  : Tomcat initialized with port(s): 0 (http)
2020-04-18 23:03:40.000  INFO 32534 --- [    Test worker] o.apache.catalina.core.StandardService   : Starting service [Tomcat]
2020-04-18 23:03:40.001  INFO 32534 --- [    Test worker] org.apache.catalina.core.StandardEngine  : Starting Servlet engine: [Apache Tomcat/9.0.22]
2020-04-18 23:03:40.133  INFO 32534 --- [    Test worker] o.a.c.c.C.[Tomcat].[localhost].[/]       : Initializing Spring embedded WebApplicationContext
2020-04-18 23:03:40.133  INFO 32534 --- [    Test worker] o.s.web.context.ContextLoader            : Root WebApplicationContext: initialization completed in 1338 ms
2020-04-18 23:03:40.344  INFO 32534 --- [    Test worker] com.zaxxer.hikari.HikariDataSource       : HikariPool-1 - Starting...
2020-04-18 23:03:40.496  INFO 32534 --- [    Test worker] com.zaxxer.hikari.HikariDataSource       : HikariPool-1 - Start completed.
2020-04-18 23:03:40.582  INFO 32534 --- [    Test worker] o.hibernate.jpa.internal.util.LogHelper  : HHH000204: Processing PersistenceUnitInfo [
	name: default
	...]
2020-04-18 23:03:40.650  INFO 32534 --- [    Test worker] org.hibernate.Version                    : HHH000412: Hibernate Core {5.3.10.Final}
2020-04-18 23:03:40.652  INFO 32534 --- [    Test worker] org.hibernate.cfg.Environment            : HHH000206: hibernate.properties not found
2020-04-18 23:03:40.797  INFO 32534 --- [    Test worker] o.hibernate.annotations.common.Version   : HCANN000001: Hibernate Commons Annotations {5.0.4.Final}
2020-04-18 23:03:40.928  INFO 32534 --- [    Test worker] org.hibernate.dialect.Dialect            : HHH000400: Using dialect: org.hibernate.dialect.MySQL5InnoDBDialect
Hibernate: drop table if exists posts
Hibernate: create table posts (id bigint not null auto_increment, author varchar(255), content TEXT not null, title varchar(500) not null, primary key (id)) engine=InnoDB
2020-04-18 23:03:41.536  INFO 32534 --- [    Test worker] o.h.t.schema.internal.SchemaCreatorImpl  : HHH000476: Executing import script 'org.hibernate.tool.schema.internal.exec.ScriptSourceInputNonExistentImpl@714a9139'
2020-04-18 23:03:41.539  INFO 32534 --- [    Test worker] j.LocalContainerEntityManagerFactoryBean : Initialized JPA EntityManagerFactory for persistence unit 'default'
2020-04-18 23:03:42.089  INFO 32534 --- [    Test worker] o.s.s.concurrent.ThreadPoolTaskExecutor  : Initializing ExecutorService 'applicationTaskExecutor'
2020-04-18 23:03:42.131  WARN 32534 --- [    Test worker] aWebConfiguration$JpaWebMvcConfiguration : spring.jpa.open-in-view is enabled by default. Therefore, database queries may be performed during view rendering. Explicitly configure spring.jpa.open-in-view to disable this warning
2020-04-18 23:03:42.377  INFO 32534 --- [    Test worker] o.s.b.w.embedded.tomcat.TomcatWebServer  : Tomcat started on port(s): 54934 (http) with context path ''
2020-04-18 23:03:42.380  INFO 32534 --- [    Test worker] b.s.c.s.web.PostsApiControllerTest       : Started PostsApiControllerTest in 8.791 seconds (JVM running for 9.589)
2020-04-18 23:03:42.582  INFO 32534 --- [o-auto-1-exec-1] o.a.c.c.C.[Tomcat].[localhost].[/]       : Initializing Spring DispatcherServlet 'dispatcherServlet'
2020-04-18 23:03:42.582  INFO 32534 --- [o-auto-1-exec-1] o.s.web.servlet.DispatcherServlet        : Initializing Servlet 'dispatcherServlet'
2020-04-18 23:03:42.599  INFO 32534 --- [o-auto-1-exec-1] o.s.web.servlet.DispatcherServlet        : Completed initialization in 16 ms
Hibernate: insert into posts (author, content, title) values (?, ?, ?)
1
2020-04-18 23:03:42.808  INFO 32534 --- [    Test worker] o.h.h.i.QueryTranslatorFactoryInitiator  : HHH000397: Using ASTQueryTranslatorFactory
Hibernate: select posts0_.id as id1_0_, posts0_.author as author2_0_, posts0_.content as content3_0_, posts0_.title as title4_0_ from posts posts0_
Hibernate: select posts0_.id as id1_0_, posts0_.author as author2_0_, posts0_.content as content3_0_, posts0_.title as title4_0_ from posts posts0_
Hibernate: delete from posts where id=?
]]></system-out>
  <system-err><![CDATA[]]></system-err>
</testsuite>
