<?xml version="1.0" encoding="UTF-8"?>
<testsuite name="book.standup.com.springboot.web.HelloControllerTest" tests="2" skipped="0" failures="0" errors="0" timestamp="2020-05-16T07:55:28" hostname="jeong-gwang-geun-ui-MacBook-Pro.local" time="0.409">
  <properties/>
  <testcase name="helloDto" classname="book.standup.com.springboot.web.HelloControllerTest" time="0.4"/>
  <testcase name="hello" classname="book.standup.com.springboot.web.HelloControllerTest" time="0.007"/>
  <system-out><![CDATA[16:55:21.302 [Test worker] DEBUG org.springframework.test.context.junit4.SpringJUnit4ClassRunner - SpringJUnit4ClassRunner constructor called with [class book.standup.com.springboot.web.HelloControllerTest]
16:55:21.314 [Test worker] DEBUG org.springframework.test.context.BootstrapUtils - Instantiating CacheAwareContextLoaderDelegate from class [org.springframework.test.context.cache.DefaultCacheAwareContextLoaderDelegate]
16:55:21.323 [Test worker] DEBUG org.springframework.test.context.BootstrapUtils - Instantiating BootstrapContext using constructor [public org.springframework.test.context.support.DefaultBootstrapContext(java.lang.Class,org.springframework.test.context.CacheAwareContextLoaderDelegate)]
16:55:21.340 [Test worker] DEBUG org.springframework.test.context.BootstrapUtils - Instantiating TestContextBootstrapper for test class [book.standup.com.springboot.web.HelloControllerTest] from class [org.springframework.boot.test.autoconfigure.web.servlet.WebMvcTestContextBootstrapper]
16:55:21.354 [Test worker] INFO org.springframework.boot.test.autoconfigure.web.servlet.WebMvcTestContextBootstrapper - Neither @ContextConfiguration nor @ContextHierarchy found for test class [book.standup.com.springboot.web.HelloControllerTest], using SpringBootContextLoader
16:55:21.357 [Test worker] DEBUG org.springframework.test.context.support.AbstractContextLoader - Did not detect default resource location for test class [book.standup.com.springboot.web.HelloControllerTest]: class path resource [book/standup/com/springboot/web/HelloControllerTest-context.xml] does not exist
16:55:21.358 [Test worker] DEBUG org.springframework.test.context.support.AbstractContextLoader - Did not detect default resource location for test class [book.standup.com.springboot.web.HelloControllerTest]: class path resource [book/standup/com/springboot/web/HelloControllerTestContext.groovy] does not exist
16:55:21.358 [Test worker] INFO org.springframework.test.context.support.AbstractContextLoader - Could not detect default resource locations for test class [book.standup.com.springboot.web.HelloControllerTest]: no resource found for suffixes {-context.xml, Context.groovy}.
16:55:21.358 [Test worker] INFO org.springframework.test.context.support.AnnotationConfigContextLoaderUtils - Could not detect default configuration classes for test class [book.standup.com.springboot.web.HelloControllerTest]: HelloControllerTest does not declare any static, non-private, non-final, nested classes annotated with @Configuration.
16:55:21.418 [Test worker] DEBUG org.springframework.test.context.support.ActiveProfilesUtils - Could not find an 'annotation declaring class' for annotation type [org.springframework.test.context.ActiveProfiles] and class [book.standup.com.springboot.web.HelloControllerTest]
16:55:21.481 [Test worker] DEBUG org.springframework.context.annotation.ClassPathScanningCandidateComponentProvider - Identified candidate component class: file [/Users/jeong-gwang-geun/Documents/PersonalStudy/spring-boot/build/classes/java/main/book/standup/com/springboot/Application.class]
16:55:21.482 [Test worker] INFO org.springframework.boot.test.context.SpringBootTestContextBootstrapper - Found @SpringBootConfiguration book.standup.com.springboot.Application for test class book.standup.com.springboot.web.HelloControllerTest
16:55:21.484 [Test worker] DEBUG org.springframework.boot.test.autoconfigure.web.servlet.WebMvcTestContextBootstrapper - @TestExecutionListeners is not present for class [book.standup.com.springboot.web.HelloControllerTest]: using defaults.
16:55:21.484 [Test worker] INFO org.springframework.boot.test.autoconfigure.web.servlet.WebMvcTestContextBootstrapper - Loaded default TestExecutionListener class names from location [META-INF/spring.factories]: [org.springframework.security.test.context.support.WithSecurityContextTestExecutionListener, org.springframework.security.test.context.support.ReactorContextTestExecutionListener, org.springframework.boot.test.autoconfigure.restdocs.RestDocsTestExecutionListener, org.springframework.boot.test.autoconfigure.web.client.MockRestServiceServerResetTestExecutionListener, org.springframework.boot.test.autoconfigure.web.servlet.MockMvcPrintOnlyOnFailureTestExecutionListener, org.springframework.boot.test.autoconfigure.web.servlet.WebDriverTestExecutionListener, org.springframework.boot.test.mock.mockito.MockitoTestExecutionListener, org.springframework.boot.test.mock.mockito.ResetMocksTestExecutionListener, org.springframework.test.context.web.ServletTestExecutionListener, org.springframework.test.context.support.DirtiesContextBeforeModesTestExecutionListener, org.springframework.test.context.support.DependencyInjectionTestExecutionListener, org.springframework.test.context.support.DirtiesContextTestExecutionListener, org.springframework.test.context.transaction.TransactionalTestExecutionListener, org.springframework.test.context.jdbc.SqlScriptsTestExecutionListener]
16:55:21.499 [Test worker] INFO org.springframework.boot.test.autoconfigure.web.servlet.WebMvcTestContextBootstrapper - Using TestExecutionListeners: [org.springframework.test.context.web.ServletTestExecutionListener@1cab98a, org.springframework.test.context.support.DirtiesContextBeforeModesTestExecutionListener@3b071305, org.springframework.boot.test.mock.mockito.MockitoTestExecutionListener@73c8d79f, org.springframework.boot.test.autoconfigure.SpringBootDependencyInjectionTestExecutionListener@25d3e52, org.springframework.test.context.support.DirtiesContextTestExecutionListener@568fd17a, org.springframework.test.context.transaction.TransactionalTestExecutionListener@55136f95, org.springframework.test.context.jdbc.SqlScriptsTestExecutionListener@60d22e87, org.springframework.security.test.context.support.WithSecurityContextTestExecutionListener@b962361, org.springframework.security.test.context.support.ReactorContextTestExecutionListener@233a3768, org.springframework.boot.test.autoconfigure.restdocs.RestDocsTestExecutionListener@6d1b9b5d, org.springframework.boot.test.autoconfigure.web.client.MockRestServiceServerResetTestExecutionListener@1c4c266f, org.springframework.boot.test.autoconfigure.web.servlet.MockMvcPrintOnlyOnFailureTestExecutionListener@26fb93ac, org.springframework.boot.test.autoconfigure.web.servlet.WebDriverTestExecutionListener@5488716c, org.springframework.boot.test.mock.mockito.ResetMocksTestExecutionListener@65f8c9d3]
16:55:21.502 [Test worker] DEBUG org.springframework.test.annotation.ProfileValueUtils - Retrieved @ProfileValueSourceConfiguration [null] for test class [book.standup.com.springboot.web.HelloControllerTest]
16:55:21.503 [Test worker] DEBUG org.springframework.test.annotation.ProfileValueUtils - Retrieved ProfileValueSource type [class org.springframework.test.annotation.SystemProfileValueSource] for class [book.standup.com.springboot.web.HelloControllerTest]
16:55:21.503 [Test worker] DEBUG org.springframework.test.annotation.ProfileValueUtils - Retrieved @ProfileValueSourceConfiguration [null] for test class [book.standup.com.springboot.web.HelloControllerTest]
16:55:21.504 [Test worker] DEBUG org.springframework.test.annotation.ProfileValueUtils - Retrieved ProfileValueSource type [class org.springframework.test.annotation.SystemProfileValueSource] for class [book.standup.com.springboot.web.HelloControllerTest]
16:55:21.508 [Test worker] DEBUG org.springframework.test.context.support.AbstractDirtiesContextTestExecutionListener - Before test class: context [DefaultTestContext@17fea941 testClass = HelloControllerTest, testInstance = [null], testMethod = [null], testException = [null], mergedContextConfiguration = [WebMergedContextConfiguration@205a4b59 testClass = HelloControllerTest, locations = '{}', classes = '{class book.standup.com.springboot.Application}', contextInitializerClasses = '[]', activeProfiles = '{}', propertySourceLocations = '{}', propertySourceProperties = '{org.springframework.boot.test.autoconfigure.web.servlet.WebMvcTestContextBootstrapper=true}', contextCustomizers = set[org.springframework.boot.test.autoconfigure.OverrideAutoConfigurationContextCustomizerFactory$DisableAutoConfigurationContextCustomizer@48ca315a, org.springframework.boot.test.autoconfigure.filter.TypeExcludeFiltersContextCustomizer@50b24cc, org.springframework.boot.test.autoconfigure.properties.PropertyMappingContextCustomizer@9d0ec32d, org.springframework.boot.test.autoconfigure.web.servlet.WebDriverContextCustomizerFactory$Customizer@2cf611e9, [ImportsContextCustomizer@27ae7ebb key = [org.springframework.boot.autoconfigure.cache.CacheAutoConfiguration, org.springframework.boot.autoconfigure.context.MessageSourceAutoConfiguration, org.springframework.boot.autoconfigure.data.web.SpringDataWebAutoConfiguration, org.springframework.boot.autoconfigure.freemarker.FreeMarkerAutoConfiguration, org.springframework.boot.autoconfigure.groovy.template.GroovyTemplateAutoConfiguration, org.springframework.boot.autoconfigure.gson.GsonAutoConfiguration, org.springframework.boot.autoconfigure.hateoas.HypermediaAutoConfiguration, org.springframework.boot.autoconfigure.http.HttpMessageConvertersAutoConfiguration, org.springframework.boot.autoconfigure.jackson.JacksonAutoConfiguration, org.springframework.boot.autoconfigure.jsonb.JsonbAutoConfiguration, org.springframework.boot.autoconfigure.mustache.MustacheAutoConfiguration, org.springframework.boot.autoconfigure.task.TaskExecutionAutoConfiguration, org.springframework.boot.autoconfigure.thymeleaf.ThymeleafAutoConfiguration, org.springframework.boot.autoconfigure.validation.ValidationAutoConfiguration, org.springframework.boot.autoconfigure.web.servlet.error.ErrorMvcAutoConfiguration, org.springframework.boot.autoconfigure.web.servlet.WebMvcAutoConfiguration, org.springframework.boot.test.autoconfigure.web.servlet.MockMvcAutoConfiguration, org.springframework.boot.test.autoconfigure.web.servlet.MockMvcSecurityAutoConfiguration, org.springframework.boot.test.autoconfigure.web.servlet.MockMvcWebClientAutoConfiguration, org.springframework.boot.test.autoconfigure.web.servlet.MockMvcWebDriverAutoConfiguration]], org.springframework.boot.test.context.filter.ExcludeFilterContextCustomizer@68829cbf, org.springframework.boot.test.json.DuplicateJsonObjectContextCustomizerFactory$DuplicateJsonObjectContextCustomizer@25528744, org.springframework.boot.test.mock.mockito.MockitoContextCustomizer@0], resourceBasePath = 'src/main/webapp', contextLoader = 'org.springframework.boot.test.context.SpringBootContextLoader', parent = [null]], attributes = map[[empty]]], class annotated with @DirtiesContext [false] with mode [null].
16:55:21.509 [Test worker] DEBUG org.springframework.test.annotation.ProfileValueUtils - Retrieved @ProfileValueSourceConfiguration [null] for test class [book.standup.com.springboot.web.HelloControllerTest]
16:55:21.509 [Test worker] DEBUG org.springframework.test.annotation.ProfileValueUtils - Retrieved ProfileValueSource type [class org.springframework.test.annotation.SystemProfileValueSource] for class [book.standup.com.springboot.web.HelloControllerTest]
16:55:21.512 [Test worker] DEBUG org.springframework.test.context.support.DependencyInjectionTestExecutionListener - Performing dependency injection for test context [[DefaultTestContext@17fea941 testClass = HelloControllerTest, testInstance = book.standup.com.springboot.web.HelloControllerTest@183b5cdf, testMethod = [null], testException = [null], mergedContextConfiguration = [WebMergedContextConfiguration@205a4b59 testClass = HelloControllerTest, locations = '{}', classes = '{class book.standup.com.springboot.Application}', contextInitializerClasses = '[]', activeProfiles = '{}', propertySourceLocations = '{}', propertySourceProperties = '{org.springframework.boot.test.autoconfigure.web.servlet.WebMvcTestContextBootstrapper=true}', contextCustomizers = set[org.springframework.boot.test.autoconfigure.OverrideAutoConfigurationContextCustomizerFactory$DisableAutoConfigurationContextCustomizer@48ca315a, org.springframework.boot.test.autoconfigure.filter.TypeExcludeFiltersContextCustomizer@50b24cc, org.springframework.boot.test.autoconfigure.properties.PropertyMappingContextCustomizer@9d0ec32d, org.springframework.boot.test.autoconfigure.web.servlet.WebDriverContextCustomizerFactory$Customizer@2cf611e9, [ImportsContextCustomizer@27ae7ebb key = [org.springframework.boot.autoconfigure.cache.CacheAutoConfiguration, org.springframework.boot.autoconfigure.context.MessageSourceAutoConfiguration, org.springframework.boot.autoconfigure.data.web.SpringDataWebAutoConfiguration, org.springframework.boot.autoconfigure.freemarker.FreeMarkerAutoConfiguration, org.springframework.boot.autoconfigure.groovy.template.GroovyTemplateAutoConfiguration, org.springframework.boot.autoconfigure.gson.GsonAutoConfiguration, org.springframework.boot.autoconfigure.hateoas.HypermediaAutoConfiguration, org.springframework.boot.autoconfigure.http.HttpMessageConvertersAutoConfiguration, org.springframework.boot.autoconfigure.jackson.JacksonAutoConfiguration, org.springframework.boot.autoconfigure.jsonb.JsonbAutoConfiguration, org.springframework.boot.autoconfigure.mustache.MustacheAutoConfiguration, org.springframework.boot.autoconfigure.task.TaskExecutionAutoConfiguration, org.springframework.boot.autoconfigure.thymeleaf.ThymeleafAutoConfiguration, org.springframework.boot.autoconfigure.validation.ValidationAutoConfiguration, org.springframework.boot.autoconfigure.web.servlet.error.ErrorMvcAutoConfiguration, org.springframework.boot.autoconfigure.web.servlet.WebMvcAutoConfiguration, org.springframework.boot.test.autoconfigure.web.servlet.MockMvcAutoConfiguration, org.springframework.boot.test.autoconfigure.web.servlet.MockMvcSecurityAutoConfiguration, org.springframework.boot.test.autoconfigure.web.servlet.MockMvcWebClientAutoConfiguration, org.springframework.boot.test.autoconfigure.web.servlet.MockMvcWebDriverAutoConfiguration]], org.springframework.boot.test.context.filter.ExcludeFilterContextCustomizer@68829cbf, org.springframework.boot.test.json.DuplicateJsonObjectContextCustomizerFactory$DuplicateJsonObjectContextCustomizer@25528744, org.springframework.boot.test.mock.mockito.MockitoContextCustomizer@0], resourceBasePath = 'src/main/webapp', contextLoader = 'org.springframework.boot.test.context.SpringBootContextLoader', parent = [null]], attributes = map[[empty]]]].
16:55:21.623 [Test worker] DEBUG org.springframework.test.context.support.TestPropertySourceUtils - Adding inlined properties to environment: {spring.jmx.enabled=false, org.springframework.boot.test.autoconfigure.web.servlet.WebMvcTestContextBootstrapper=true, server.port=-1}

  .   ____          _            __ _ _
 /\\ / ___'_ __ _ _(_)_ __  __ _ \ \ \ \
( ( )\___ | '_ | '_| | '_ \/ _` | \ \ \ \
 \\/  ___)| |_)| | | | | || (_| |  ) ) ) )
  '  |____| .__|_| |_|_| |_\__, | / / / /
 =========|_|==============|___/=/_/_/_/
 :: Spring Boot ::        (v2.1.7.RELEASE)

2020-05-16 16:55:26.864  INFO 4706 --- [    Test worker] b.s.c.s.web.HelloControllerTest          : Starting HelloControllerTest on jeong-gwang-geun-ui-MacBook-Pro.local with PID 4706 (started by jeong-gwang-geun in /Users/jeong-gwang-geun/Documents/PersonalStudy/spring-boot)
2020-05-16 16:55:26.867  INFO 4706 --- [    Test worker] b.s.c.s.web.HelloControllerTest          : No active profile set, falling back to default profiles: default
2020-05-16 16:55:27.981  INFO 4706 --- [    Test worker] o.s.s.concurrent.ThreadPoolTaskExecutor  : Initializing ExecutorService 'applicationTaskExecutor'
2020-05-16 16:55:28.074  INFO 4706 --- [    Test worker] o.s.b.a.w.s.WelcomePageHandlerMapping    : Adding welcome page template: index
2020-05-16 16:55:28.367  INFO 4706 --- [    Test worker] .s.s.UserDetailsServiceAutoConfiguration : 

Using generated security password: 45a1c86d-5800-4b5e-b1da-6d58689ac449

2020-05-16 16:55:28.528  INFO 4706 --- [    Test worker] o.s.s.web.DefaultSecurityFilterChain     : Creating filter chain: any request, [org.springframework.security.web.context.request.async.WebAsyncManagerIntegrationFilter@493fd7ea, org.springframework.security.web.context.SecurityContextPersistenceFilter@2499d843, org.springframework.security.web.header.HeaderWriterFilter@79ad0018, org.springframework.security.web.csrf.CsrfFilter@2b2db4b2, org.springframework.security.web.authentication.logout.LogoutFilter@523dddfa, org.springframework.security.web.authentication.UsernamePasswordAuthenticationFilter@32bdb597, org.springframework.security.web.authentication.ui.DefaultLoginPageGeneratingFilter@390bc743, org.springframework.security.web.authentication.ui.DefaultLogoutPageGeneratingFilter@536e9d34, org.springframework.security.web.authentication.www.BasicAuthenticationFilter@6e6a6078, org.springframework.security.web.savedrequest.RequestCacheAwareFilter@78e39d86, org.springframework.security.web.servletapi.SecurityContextHolderAwareRequestFilter@333805e1, org.springframework.security.web.authentication.AnonymousAuthenticationFilter@52605aeb, org.springframework.security.web.session.SessionManagementFilter@2dfa7860, org.springframework.security.web.access.ExceptionTranslationFilter@623bec3f, org.springframework.security.web.access.intercept.FilterSecurityInterceptor@6398b627]
2020-05-16 16:55:28.563  INFO 4706 --- [    Test worker] o.s.b.t.m.w.SpringBootMockServletContext : Initializing Spring TestDispatcherServlet ''
2020-05-16 16:55:28.563  INFO 4706 --- [    Test worker] o.s.t.web.servlet.TestDispatcherServlet  : Initializing Servlet ''
2020-05-16 16:55:28.576  INFO 4706 --- [    Test worker] o.s.t.web.servlet.TestDispatcherServlet  : Completed initialization in 13 ms
2020-05-16 16:55:28.623  INFO 4706 --- [    Test worker] b.s.c.s.web.HelloControllerTest          : Started HelloControllerTest in 6.991 seconds (JVM running for 8.02)
]]></system-out>
  <system-err><![CDATA[]]></system-err>
</testsuite>
