<?xml version="1.0" encoding="UTF-8"?>
<testsuite name="book.standup.com.springboot.web.IndexControllerTest" tests="1" skipped="0" failures="0" errors="0" timestamp="2020-05-20T12:16:35" hostname="jeong-gwang-geun-ui-MacBook-Pro.local" time="0.202">
  <properties/>
  <testcase name="loadMainPage" classname="book.standup.com.springboot.web.IndexControllerTest" time="0.202"/>
  <system-out><![CDATA[2020-05-20 21:16:31.310  INFO 17722 --- [    Test worker] .b.t.c.SpringBootTestContextBootstrapper : Neither @ContextConfiguration nor @ContextHierarchy found for test class [book.standup.com.springboot.web.IndexControllerTest], using SpringBootContextLoader
2020-05-20 21:16:31.311  INFO 17722 --- [    Test worker] o.s.t.c.support.AbstractContextLoader    : Could not detect default resource locations for test class [book.standup.com.springboot.web.IndexControllerTest]: no resource found for suffixes {-context.xml, Context.groovy}.
2020-05-20 21:16:31.311  INFO 17722 --- [    Test worker] t.c.s.AnnotationConfigContextLoaderUtils : Could not detect default configuration classes for test class [book.standup.com.springboot.web.IndexControllerTest]: IndexControllerTest does not declare any static, non-private, non-final, nested classes annotated with @Configuration.
2020-05-20 21:16:31.314  INFO 17722 --- [    Test worker] .b.t.c.SpringBootTestContextBootstrapper : Found @SpringBootConfiguration book.standup.com.springboot.Application for test class book.standup.com.springboot.web.IndexControllerTest
2020-05-20 21:16:31.315  INFO 17722 --- [    Test worker] .b.t.c.SpringBootTestContextBootstrapper : Loaded default TestExecutionListener class names from location [META-INF/spring.factories]: [org.springframework.security.test.context.support.WithSecurityContextTestExecutionListener, org.springframework.security.test.context.support.ReactorContextTestExecutionListener, org.springframework.boot.test.autoconfigure.restdocs.RestDocsTestExecutionListener, org.springframework.boot.test.autoconfigure.web.client.MockRestServiceServerResetTestExecutionListener, org.springframework.boot.test.autoconfigure.web.servlet.MockMvcPrintOnlyOnFailureTestExecutionListener, org.springframework.boot.test.autoconfigure.web.servlet.WebDriverTestExecutionListener, org.springframework.boot.test.mock.mockito.MockitoTestExecutionListener, org.springframework.boot.test.mock.mockito.ResetMocksTestExecutionListener, org.springframework.test.context.web.ServletTestExecutionListener, org.springframework.test.context.support.DirtiesContextBeforeModesTestExecutionListener, org.springframework.test.context.support.DependencyInjectionTestExecutionListener, org.springframework.test.context.support.DirtiesContextTestExecutionListener, org.springframework.test.context.transaction.TransactionalTestExecutionListener, org.springframework.test.context.jdbc.SqlScriptsTestExecutionListener]
2020-05-20 21:16:31.316  INFO 17722 --- [    Test worker] .b.t.c.SpringBootTestContextBootstrapper : Using TestExecutionListeners: [org.springframework.test.context.web.ServletTestExecutionListener@4eddeec7, org.springframework.test.context.support.DirtiesContextBeforeModesTestExecutionListener@3912f5aa, org.springframework.boot.test.mock.mockito.MockitoTestExecutionListener@52903f0d, org.springframework.boot.test.autoconfigure.SpringBootDependencyInjectionTestExecutionListener@183e545f, org.springframework.test.context.support.DirtiesContextTestExecutionListener@39342a49, org.springframework.test.context.transaction.TransactionalTestExecutionListener@17a52760, org.springframework.test.context.jdbc.SqlScriptsTestExecutionListener@449e0ace, org.springframework.security.test.context.support.WithSecurityContextTestExecutionListener@2ee822ae, org.springframework.security.test.context.support.ReactorContextTestExecutionListener@36962358, org.springframework.boot.test.autoconfigure.restdocs.RestDocsTestExecutionListener@8b69ccd, org.springframework.boot.test.autoconfigure.web.client.MockRestServiceServerResetTestExecutionListener@3c4a3f6f, org.springframework.boot.test.autoconfigure.web.servlet.MockMvcPrintOnlyOnFailureTestExecutionListener@53d8871a, org.springframework.boot.test.autoconfigure.web.servlet.WebDriverTestExecutionListener@54d3f2da, org.springframework.boot.test.mock.mockito.ResetMocksTestExecutionListener@68bf5c79]

  .   ____          _            __ _ _
 /\\ / ___'_ __ _ _(_)_ __  __ _ \ \ \ \
( ( )\___ | '_ | '_| | '_ \/ _` | \ \ \ \
 \\/  ___)| |_)| | | | | || (_| |  ) ) ) )
  '  |____| .__|_| |_|_| |_\__, | / / / /
 =========|_|==============|___/=/_/_/_/
 :: Spring Boot ::        (v2.1.7.RELEASE)

2020-05-20 21:16:31.337  INFO 17722 --- [    Test worker] b.s.c.s.web.IndexControllerTest          : Starting IndexControllerTest on jeong-gwang-geun-ui-MacBook-Pro.local with PID 17722 (started by jeong-gwang-geun in /Users/jeong-gwang-geun/Documents/PersonalStudy/spring-boot)
2020-05-20 21:16:31.340  INFO 17722 --- [    Test worker] b.s.c.s.web.IndexControllerTest          : No active profile set, falling back to default profiles: default
2020-05-20 21:16:31.640  INFO 17722 --- [    Test worker] .s.d.r.c.RepositoryConfigurationDelegate : Bootstrapping Spring Data repositories in DEFAULT mode.
2020-05-20 21:16:31.701  INFO 17722 --- [    Test worker] .s.d.r.c.RepositoryConfigurationDelegate : Finished Spring Data repository scanning in 53ms. Found 2 repository interfaces.
2020-05-20 21:16:31.947  INFO 17722 --- [    Test worker] trationDelegate$BeanPostProcessorChecker : Bean 'org.springframework.transaction.annotation.ProxyTransactionManagementConfiguration' of type [org.springframework.transaction.annotation.ProxyTransactionManagementConfiguration$$EnhancerBySpringCGLIB$$f99dc955] is not eligible for getting processed by all BeanPostProcessors (for example: not eligible for auto-proxying)
2020-05-20 21:16:32.226  INFO 17722 --- [    Test worker] o.s.b.w.embedded.tomcat.TomcatWebServer  : Tomcat initialized with port(s): 0 (http)
2020-05-20 21:16:32.257  INFO 17722 --- [    Test worker] o.apache.catalina.core.StandardService   : Starting service [Tomcat]
2020-05-20 21:16:32.257  INFO 17722 --- [    Test worker] org.apache.catalina.core.StandardEngine  : Starting Servlet engine: [Apache Tomcat/9.0.22]
2020-05-20 21:16:32.378  INFO 17722 --- [    Test worker] o.a.c.c.C.[Tomcat].[localhost].[/]       : Initializing Spring embedded WebApplicationContext
2020-05-20 21:16:32.378  INFO 17722 --- [    Test worker] o.s.web.context.ContextLoader            : Root WebApplicationContext: initialization completed in 1036 ms
2020-05-20 21:16:32.595  INFO 17722 --- [    Test worker] com.zaxxer.hikari.HikariDataSource       : HikariPool-1 - Starting...
2020-05-20 21:16:32.766  INFO 17722 --- [    Test worker] com.zaxxer.hikari.HikariDataSource       : HikariPool-1 - Start completed.
2020-05-20 21:16:32.853  INFO 17722 --- [    Test worker] o.hibernate.jpa.internal.util.LogHelper  : HHH000204: Processing PersistenceUnitInfo [
	name: default
	...]
2020-05-20 21:16:32.917  INFO 17722 --- [    Test worker] org.hibernate.Version                    : HHH000412: Hibernate Core {5.3.10.Final}
2020-05-20 21:16:32.919  INFO 17722 --- [    Test worker] org.hibernate.cfg.Environment            : HHH000206: hibernate.properties not found
2020-05-20 21:16:32.969  INFO 17722 --- [    Test worker] o.hibernate.annotations.common.Version   : HCANN000001: Hibernate Commons Annotations {5.0.4.Final}
2020-05-20 21:16:33.103  INFO 17722 --- [    Test worker] org.hibernate.dialect.Dialect            : HHH000400: Using dialect: org.hibernate.dialect.MySQL5InnoDBDialect
Hibernate: drop table if exists posts
Hibernate: drop table if exists user
Hibernate: create table posts (id bigint not null auto_increment, created_date datetime, modified_date datetime, author varchar(255), content TEXT not null, title varchar(500) not null, primary key (id)) engine=InnoDB
Hibernate: create table user (id bigint not null auto_increment, created_date datetime, modified_date datetime, email varchar(255) not null, name varchar(255) not null, picture varchar(255), role varchar(255) not null, primary key (id)) engine=InnoDB
2020-05-20 21:16:33.659  INFO 17722 --- [    Test worker] o.h.t.schema.internal.SchemaCreatorImpl  : HHH000476: Executing import script 'org.hibernate.tool.schema.internal.exec.ScriptSourceInputNonExistentImpl@568c85f9'
2020-05-20 21:16:33.662  INFO 17722 --- [    Test worker] j.LocalContainerEntityManagerFactoryBean : Initialized JPA EntityManagerFactory for persistence unit 'default'
2020-05-20 21:16:34.271  INFO 17722 --- [    Test worker] o.h.h.i.QueryTranslatorFactoryInitiator  : HHH000397: Using ASTQueryTranslatorFactory
2020-05-20 21:16:34.552  INFO 17722 --- [    Test worker] o.s.s.web.DefaultSecurityFilterChain     : Creating filter chain: any request, [org.springframework.security.web.context.request.async.WebAsyncManagerIntegrationFilter@68ff5cbd, org.springframework.security.web.context.SecurityContextPersistenceFilter@187f512f, org.springframework.security.web.header.HeaderWriterFilter@1a8fe2ec, org.springframework.security.web.authentication.logout.LogoutFilter@3f8946f2, org.springframework.security.oauth2.client.web.OAuth2AuthorizationRequestRedirectFilter@467995a5, org.springframework.security.oauth2.client.web.OAuth2LoginAuthenticationFilter@3fca40f3, org.springframework.security.web.authentication.ui.DefaultLoginPageGeneratingFilter@5d1d8257, org.springframework.security.web.authentication.ui.DefaultLogoutPageGeneratingFilter@4636cc6b, org.springframework.security.web.savedrequest.RequestCacheAwareFilter@1aa59113, org.springframework.security.web.servletapi.SecurityContextHolderAwareRequestFilter@7f588829, org.springframework.security.web.authentication.AnonymousAuthenticationFilter@189234, org.springframework.security.web.session.SessionManagementFilter@345a77, org.springframework.security.web.access.ExceptionTranslationFilter@28054bb8, org.springframework.security.web.access.intercept.FilterSecurityInterceptor@26776251]
2020-05-20 21:16:34.713  INFO 17722 --- [    Test worker] o.s.s.concurrent.ThreadPoolTaskExecutor  : Initializing ExecutorService 'applicationTaskExecutor'
2020-05-20 21:16:34.727  WARN 17722 --- [    Test worker] aWebConfiguration$JpaWebMvcConfiguration : spring.jpa.open-in-view is enabled by default. Therefore, database queries may be performed during view rendering. Explicitly configure spring.jpa.open-in-view to disable this warning
2020-05-20 21:16:34.756  INFO 17722 --- [    Test worker] o.s.b.a.w.s.WelcomePageHandlerMapping    : Adding welcome page template: index
2020-05-20 21:16:35.010  INFO 17722 --- [    Test worker] s.a.ScheduledAnnotationBeanPostProcessor : No TaskScheduler/ScheduledExecutorService bean found for scheduled processing
2020-05-20 21:16:35.039  INFO 17722 --- [    Test worker] o.s.b.w.embedded.tomcat.TomcatWebServer  : Tomcat started on port(s): 57732 (http) with context path ''
2020-05-20 21:16:35.040  INFO 17722 --- [    Test worker] b.s.c.s.web.IndexControllerTest          : Started IndexControllerTest in 3.722 seconds (JVM running for 11.793)
2020-05-20 21:16:35.139  INFO 17722 --- [o-auto-1-exec-1] o.a.c.c.C.[Tomcat].[localhost].[/]       : Initializing Spring DispatcherServlet 'dispatcherServlet'
2020-05-20 21:16:35.140  INFO 17722 --- [o-auto-1-exec-1] o.s.web.servlet.DispatcherServlet        : Initializing Servlet 'dispatcherServlet'
2020-05-20 21:16:35.153  INFO 17722 --- [o-auto-1-exec-1] o.s.web.servlet.DispatcherServlet        : Completed initialization in 13 ms
Hibernate: select posts0_.id as id1_0_, posts0_.created_date as created_2_0_, posts0_.modified_date as modified3_0_, posts0_.author as author4_0_, posts0_.content as content5_0_, posts0_.title as title6_0_ from posts posts0_ order by posts0_.id DESC
]]></system-out>
  <system-err><![CDATA[]]></system-err>
</testsuite>
