<?xml version="1.0" encoding="UTF-8"?>
<testsuite name="book.standup.com.springboot.web.PostsApiControllerTest" tests="2" skipped="0" failures="0" errors="0" timestamp="2020-05-16T07:55:33" hostname="jeong-gwang-geun-ui-MacBook-Pro.local" time="0.186">
  <properties/>
  <testcase name="modifyPosts" classname="book.standup.com.springboot.web.PostsApiControllerTest" time="0.166"/>
  <testcase name="registPosts" classname="book.standup.com.springboot.web.PostsApiControllerTest" time="0.019"/>
  <system-out><![CDATA[2020-05-16 16:55:33.188  INFO 4706 --- [    Test worker] .b.t.c.SpringBootTestContextBootstrapper : Neither @ContextConfiguration nor @ContextHierarchy found for test class [book.standup.com.springboot.web.PostsApiControllerTest], using SpringBootContextLoader
2020-05-16 16:55:33.189  INFO 4706 --- [    Test worker] o.s.t.c.support.AbstractContextLoader    : Could not detect default resource locations for test class [book.standup.com.springboot.web.PostsApiControllerTest]: no resource found for suffixes {-context.xml, Context.groovy}.
2020-05-16 16:55:33.190  INFO 4706 --- [    Test worker] t.c.s.AnnotationConfigContextLoaderUtils : Could not detect default configuration classes for test class [book.standup.com.springboot.web.PostsApiControllerTest]: PostsApiControllerTest does not declare any static, non-private, non-final, nested classes annotated with @Configuration.
2020-05-16 16:55:33.191  INFO 4706 --- [    Test worker] .b.t.c.SpringBootTestContextBootstrapper : Found @SpringBootConfiguration book.standup.com.springboot.Application for test class book.standup.com.springboot.web.PostsApiControllerTest
2020-05-16 16:55:33.192  INFO 4706 --- [    Test worker] .b.t.c.SpringBootTestContextBootstrapper : Loaded default TestExecutionListener class names from location [META-INF/spring.factories]: [org.springframework.security.test.context.support.WithSecurityContextTestExecutionListener, org.springframework.security.test.context.support.ReactorContextTestExecutionListener, org.springframework.boot.test.autoconfigure.restdocs.RestDocsTestExecutionListener, org.springframework.boot.test.autoconfigure.web.client.MockRestServiceServerResetTestExecutionListener, org.springframework.boot.test.autoconfigure.web.servlet.MockMvcPrintOnlyOnFailureTestExecutionListener, org.springframework.boot.test.autoconfigure.web.servlet.WebDriverTestExecutionListener, org.springframework.boot.test.mock.mockito.MockitoTestExecutionListener, org.springframework.boot.test.mock.mockito.ResetMocksTestExecutionListener, org.springframework.test.context.web.ServletTestExecutionListener, org.springframework.test.context.support.DirtiesContextBeforeModesTestExecutionListener, org.springframework.test.context.support.DependencyInjectionTestExecutionListener, org.springframework.test.context.support.DirtiesContextTestExecutionListener, org.springframework.test.context.transaction.TransactionalTestExecutionListener, org.springframework.test.context.jdbc.SqlScriptsTestExecutionListener]
2020-05-16 16:55:33.192  INFO 4706 --- [    Test worker] .b.t.c.SpringBootTestContextBootstrapper : Using TestExecutionListeners: [org.springframework.test.context.web.ServletTestExecutionListener@5e3cb110, org.springframework.test.context.support.DirtiesContextBeforeModesTestExecutionListener@26f27582, org.springframework.boot.test.mock.mockito.MockitoTestExecutionListener@7f31676a, org.springframework.boot.test.autoconfigure.SpringBootDependencyInjectionTestExecutionListener@48bf33da, org.springframework.test.context.support.DirtiesContextTestExecutionListener@7330bfec, org.springframework.test.context.transaction.TransactionalTestExecutionListener@46db8a6d, org.springframework.test.context.jdbc.SqlScriptsTestExecutionListener@32a5afeb, org.springframework.security.test.context.support.WithSecurityContextTestExecutionListener@3357b86, org.springframework.security.test.context.support.ReactorContextTestExecutionListener@750c6bd3, org.springframework.boot.test.autoconfigure.restdocs.RestDocsTestExecutionListener@6f9e1ffd, org.springframework.boot.test.autoconfigure.web.client.MockRestServiceServerResetTestExecutionListener@70db2f12, org.springframework.boot.test.autoconfigure.web.servlet.MockMvcPrintOnlyOnFailureTestExecutionListener@589a83c4, org.springframework.boot.test.autoconfigure.web.servlet.WebDriverTestExecutionListener@4e5e39f7, org.springframework.boot.test.mock.mockito.ResetMocksTestExecutionListener@5120a636]
2020-05-16 16:55:33.200  INFO 4706 --- [    Test worker] o.a.c.c.C.[Tomcat].[localhost].[/]       : Initializing Spring TestDispatcherServlet ''
2020-05-16 16:55:33.200  INFO 4706 --- [    Test worker] o.s.t.web.servlet.TestDispatcherServlet  : Initializing Servlet ''
2020-05-16 16:55:33.203  INFO 4706 --- [    Test worker] o.s.t.web.servlet.TestDispatcherServlet  : Completed initialization in 3 ms
Hibernate: insert into posts (created_date, modified_date, author, content, title) values (?, ?, ?, ?, ?)
Hibernate: select posts0_.id as id1_0_0_, posts0_.created_date as created_2_0_0_, posts0_.modified_date as modified3_0_0_, posts0_.author as author4_0_0_, posts0_.content as content5_0_0_, posts0_.title as title6_0_0_ from posts posts0_ where posts0_.id=?
Hibernate: update posts set created_date=?, modified_date=?, author=?, content=?, title=? where id=?
Hibernate: select posts0_.id as id1_0_, posts0_.created_date as created_2_0_, posts0_.modified_date as modified3_0_, posts0_.author as author4_0_, posts0_.content as content5_0_, posts0_.title as title6_0_ from posts posts0_
Hibernate: select posts0_.id as id1_0_, posts0_.created_date as created_2_0_, posts0_.modified_date as modified3_0_, posts0_.author as author4_0_, posts0_.content as content5_0_, posts0_.title as title6_0_ from posts posts0_
Hibernate: delete from posts where id=?
2020-05-16 16:55:33.366  INFO 4706 --- [    Test worker] o.a.c.c.C.[Tomcat].[localhost].[/]       : Initializing Spring TestDispatcherServlet ''
2020-05-16 16:55:33.367  INFO 4706 --- [    Test worker] o.s.t.web.servlet.TestDispatcherServlet  : Initializing Servlet ''
2020-05-16 16:55:33.370  INFO 4706 --- [    Test worker] o.s.t.web.servlet.TestDispatcherServlet  : Completed initialization in 3 ms
Hibernate: insert into posts (created_date, modified_date, author, content, title) values (?, ?, ?, ?, ?)
Hibernate: select posts0_.id as id1_0_, posts0_.created_date as created_2_0_, posts0_.modified_date as modified3_0_, posts0_.author as author4_0_, posts0_.content as content5_0_, posts0_.title as title6_0_ from posts posts0_
Hibernate: select posts0_.id as id1_0_, posts0_.created_date as created_2_0_, posts0_.modified_date as modified3_0_, posts0_.author as author4_0_, posts0_.content as content5_0_, posts0_.title as title6_0_ from posts posts0_
Hibernate: delete from posts where id=?
]]></system-out>
  <system-err><![CDATA[]]></system-err>
</testsuite>
