<?xml version="1.0" encoding="UTF-8"?>
<testsuite name="book.standup.com.springboot.web.dto.HelloResponseDtoTest" tests="1" skipped="0" failures="0" errors="0" timestamp="2020-05-20T12:16:23" hostname="jeong-gwang-geun-ui-MacBook-Pro.local" time="0.045">
  <properties/>
  <testcase name="lombokFeatureTest" classname="book.standup.com.springboot.web.dto.HelloResponseDtoTest" time="0.045"/>
  <system-out><![CDATA[]]></system-out>
  <system-err><![CDATA[]]></system-err>
</testsuite>
