<?xml version="1.0" encoding="UTF-8"?>
<testsuite name="book.standup.com.springboot.web.IndexControllerTest" tests="1" skipped="0" failures="0" errors="0" timestamp="2020-05-16T07:55:32" hostname="jeong-gwang-geun-ui-MacBook-Pro.local" time="0.246">
  <properties/>
  <testcase name="loadMainPage" classname="book.standup.com.springboot.web.IndexControllerTest" time="0.246"/>
  <system-out><![CDATA[2020-05-16 16:55:29.042  INFO 4706 --- [    Test worker] .b.t.c.SpringBootTestContextBootstrapper : Neither @ContextConfiguration nor @ContextHierarchy found for test class [book.standup.com.springboot.web.IndexControllerTest], using SpringBootContextLoader
2020-05-16 16:55:29.043  INFO 4706 --- [    Test worker] o.s.t.c.support.AbstractContextLoader    : Could not detect default resource locations for test class [book.standup.com.springboot.web.IndexControllerTest]: no resource found for suffixes {-context.xml, Context.groovy}.
2020-05-16 16:55:29.043  INFO 4706 --- [    Test worker] t.c.s.AnnotationConfigContextLoaderUtils : Could not detect default configuration classes for test class [book.standup.com.springboot.web.IndexControllerTest]: IndexControllerTest does not declare any static, non-private, non-final, nested classes annotated with @Configuration.
2020-05-16 16:55:29.045  INFO 4706 --- [    Test worker] .b.t.c.SpringBootTestContextBootstrapper : Found @SpringBootConfiguration book.standup.com.springboot.Application for test class book.standup.com.springboot.web.IndexControllerTest
2020-05-16 16:55:29.047  INFO 4706 --- [    Test worker] .b.t.c.SpringBootTestContextBootstrapper : Loaded default TestExecutionListener class names from location [META-INF/spring.factories]: [org.springframework.security.test.context.support.WithSecurityContextTestExecutionListener, org.springframework.security.test.context.support.ReactorContextTestExecutionListener, org.springframework.boot.test.autoconfigure.restdocs.RestDocsTestExecutionListener, org.springframework.boot.test.autoconfigure.web.client.MockRestServiceServerResetTestExecutionListener, org.springframework.boot.test.autoconfigure.web.servlet.MockMvcPrintOnlyOnFailureTestExecutionListener, org.springframework.boot.test.autoconfigure.web.servlet.WebDriverTestExecutionListener, org.springframework.boot.test.mock.mockito.MockitoTestExecutionListener, org.springframework.boot.test.mock.mockito.ResetMocksTestExecutionListener, org.springframework.test.context.web.ServletTestExecutionListener, org.springframework.test.context.support.DirtiesContextBeforeModesTestExecutionListener, org.springframework.test.context.support.DependencyInjectionTestExecutionListener, org.springframework.test.context.support.DirtiesContextTestExecutionListener, org.springframework.test.context.transaction.TransactionalTestExecutionListener, org.springframework.test.context.jdbc.SqlScriptsTestExecutionListener]
2020-05-16 16:55:29.048  INFO 4706 --- [    Test worker] .b.t.c.SpringBootTestContextBootstrapper : Using TestExecutionListeners: [org.springframework.test.context.web.ServletTestExecutionListener@419b7df4, org.springframework.test.context.support.DirtiesContextBeforeModesTestExecutionListener@24b8c01d, org.springframework.boot.test.mock.mockito.MockitoTestExecutionListener@3cdd5411, org.springframework.boot.test.autoconfigure.SpringBootDependencyInjectionTestExecutionListener@3c72dd07, org.springframework.test.context.support.DirtiesContextTestExecutionListener@269c63a0, org.springframework.test.context.transaction.TransactionalTestExecutionListener@44c6f746, org.springframework.test.context.jdbc.SqlScriptsTestExecutionListener@126d4e13, org.springframework.security.test.context.support.WithSecurityContextTestExecutionListener@38dd33bc, org.springframework.security.test.context.support.ReactorContextTestExecutionListener@7d99d664, org.springframework.boot.test.autoconfigure.restdocs.RestDocsTestExecutionListener@e167256, org.springframework.boot.test.autoconfigure.web.client.MockRestServiceServerResetTestExecutionListener@7673b851, org.springframework.boot.test.autoconfigure.web.servlet.MockMvcPrintOnlyOnFailureTestExecutionListener@27e225f0, org.springframework.boot.test.autoconfigure.web.servlet.WebDriverTestExecutionListener@14fbed9e, org.springframework.boot.test.mock.mockito.ResetMocksTestExecutionListener@29c2b995]

  .   ____          _            __ _ _
 /\\ / ___'_ __ _ _(_)_ __  __ _ \ \ \ \
( ( )\___ | '_ | '_| | '_ \/ _` | \ \ \ \
 \\/  ___)| |_)| | | | | || (_| |  ) ) ) )
  '  |____| .__|_| |_|_| |_\__, | / / / /
 =========|_|==============|___/=/_/_/_/
 :: Spring Boot ::        (v2.1.7.RELEASE)

2020-05-16 16:55:29.069  INFO 4706 --- [    Test worker] b.s.c.s.web.IndexControllerTest          : Starting IndexControllerTest on jeong-gwang-geun-ui-MacBook-Pro.local with PID 4706 (started by jeong-gwang-geun in /Users/jeong-gwang-geun/Documents/PersonalStudy/spring-boot)
2020-05-16 16:55:29.072  INFO 4706 --- [    Test worker] b.s.c.s.web.IndexControllerTest          : No active profile set, falling back to default profiles: default
2020-05-16 16:55:29.410  INFO 4706 --- [    Test worker] .s.d.r.c.RepositoryConfigurationDelegate : Bootstrapping Spring Data repositories in DEFAULT mode.
2020-05-16 16:55:29.471  INFO 4706 --- [    Test worker] .s.d.r.c.RepositoryConfigurationDelegate : Finished Spring Data repository scanning in 51ms. Found 2 repository interfaces.
2020-05-16 16:55:29.721  INFO 4706 --- [    Test worker] trationDelegate$BeanPostProcessorChecker : Bean 'org.springframework.transaction.annotation.ProxyTransactionManagementConfiguration' of type [org.springframework.transaction.annotation.ProxyTransactionManagementConfiguration$$EnhancerBySpringCGLIB$$60b432cc] is not eligible for getting processed by all BeanPostProcessors (for example: not eligible for auto-proxying)
2020-05-16 16:55:30.011  INFO 4706 --- [    Test worker] o.s.b.w.embedded.tomcat.TomcatWebServer  : Tomcat initialized with port(s): 0 (http)
2020-05-16 16:55:30.043  INFO 4706 --- [    Test worker] o.apache.catalina.core.StandardService   : Starting service [Tomcat]
2020-05-16 16:55:30.043  INFO 4706 --- [    Test worker] org.apache.catalina.core.StandardEngine  : Starting Servlet engine: [Apache Tomcat/9.0.22]
2020-05-16 16:55:30.171  INFO 4706 --- [    Test worker] o.a.c.c.C.[Tomcat].[localhost].[/]       : Initializing Spring embedded WebApplicationContext
2020-05-16 16:55:30.171  INFO 4706 --- [    Test worker] o.s.web.context.ContextLoader            : Root WebApplicationContext: initialization completed in 1098 ms
2020-05-16 16:55:30.416  INFO 4706 --- [    Test worker] com.zaxxer.hikari.HikariDataSource       : HikariPool-1 - Starting...
2020-05-16 16:55:30.573  INFO 4706 --- [    Test worker] com.zaxxer.hikari.HikariDataSource       : HikariPool-1 - Start completed.
2020-05-16 16:55:30.694  INFO 4706 --- [    Test worker] o.hibernate.jpa.internal.util.LogHelper  : HHH000204: Processing PersistenceUnitInfo [
	name: default
	...]
2020-05-16 16:55:30.758  INFO 4706 --- [    Test worker] org.hibernate.Version                    : HHH000412: Hibernate Core {5.3.10.Final}
2020-05-16 16:55:30.760  INFO 4706 --- [    Test worker] org.hibernate.cfg.Environment            : HHH000206: hibernate.properties not found
2020-05-16 16:55:30.808  INFO 4706 --- [    Test worker] o.hibernate.annotations.common.Version   : HCANN000001: Hibernate Commons Annotations {5.0.4.Final}
2020-05-16 16:55:30.952  INFO 4706 --- [    Test worker] org.hibernate.dialect.Dialect            : HHH000400: Using dialect: org.hibernate.dialect.MySQL5InnoDBDialect
Hibernate: drop table if exists posts
Hibernate: drop table if exists user
Hibernate: create table posts (id bigint not null auto_increment, created_date datetime, modified_date datetime, author varchar(255), content TEXT not null, title varchar(500) not null, primary key (id)) engine=InnoDB
Hibernate: create table user (id bigint not null auto_increment, created_date datetime, modified_date datetime, email varchar(255) not null, name varchar(255) not null, picture varchar(255), role varchar(255) not null, primary key (id)) engine=InnoDB
2020-05-16 16:55:31.538  INFO 4706 --- [    Test worker] o.h.t.schema.internal.SchemaCreatorImpl  : HHH000476: Executing import script 'org.hibernate.tool.schema.internal.exec.ScriptSourceInputNonExistentImpl@2d7a93ed'
2020-05-16 16:55:31.541  INFO 4706 --- [    Test worker] j.LocalContainerEntityManagerFactoryBean : Initialized JPA EntityManagerFactory for persistence unit 'default'
2020-05-16 16:55:32.153  INFO 4706 --- [    Test worker] o.h.h.i.QueryTranslatorFactoryInitiator  : HHH000397: Using ASTQueryTranslatorFactory
2020-05-16 16:55:32.440  INFO 4706 --- [    Test worker] o.s.s.web.DefaultSecurityFilterChain     : Creating filter chain: any request, [org.springframework.security.web.context.request.async.WebAsyncManagerIntegrationFilter@6147834a, org.springframework.security.web.context.SecurityContextPersistenceFilter@42ec2ac, org.springframework.security.web.header.HeaderWriterFilter@1c2241bf, org.springframework.security.web.authentication.logout.LogoutFilter@2865419d, org.springframework.security.oauth2.client.web.OAuth2AuthorizationRequestRedirectFilter@5d96a434, org.springframework.security.oauth2.client.web.OAuth2LoginAuthenticationFilter@415e5d39, org.springframework.security.web.authentication.ui.DefaultLoginPageGeneratingFilter@5a2cd3d6, org.springframework.security.web.authentication.ui.DefaultLogoutPageGeneratingFilter@542b8eed, org.springframework.security.web.savedrequest.RequestCacheAwareFilter@4f7dd38, org.springframework.security.web.servletapi.SecurityContextHolderAwareRequestFilter@a564ba0, org.springframework.security.web.authentication.AnonymousAuthenticationFilter@4e8eeb96, org.springframework.security.web.session.SessionManagementFilter@4672db1f, org.springframework.security.web.access.ExceptionTranslationFilter@7b2f7ed7, org.springframework.security.web.access.intercept.FilterSecurityInterceptor@d56371f]
2020-05-16 16:55:32.604  INFO 4706 --- [    Test worker] o.s.s.concurrent.ThreadPoolTaskExecutor  : Initializing ExecutorService 'applicationTaskExecutor'
2020-05-16 16:55:32.620  WARN 4706 --- [    Test worker] aWebConfiguration$JpaWebMvcConfiguration : spring.jpa.open-in-view is enabled by default. Therefore, database queries may be performed during view rendering. Explicitly configure spring.jpa.open-in-view to disable this warning
2020-05-16 16:55:32.645  INFO 4706 --- [    Test worker] o.s.b.a.w.s.WelcomePageHandlerMapping    : Adding welcome page template: index
2020-05-16 16:55:32.906  INFO 4706 --- [    Test worker] s.a.ScheduledAnnotationBeanPostProcessor : No TaskScheduler/ScheduledExecutorService bean found for scheduled processing
2020-05-16 16:55:32.931  INFO 4706 --- [    Test worker] o.s.b.w.embedded.tomcat.TomcatWebServer  : Tomcat started on port(s): 56237 (http) with context path ''
2020-05-16 16:55:32.932  INFO 4706 --- [    Test worker] b.s.c.s.web.IndexControllerTest          : Started IndexControllerTest in 3.883 seconds (JVM running for 12.327)
2020-05-16 16:55:33.024  INFO 4706 --- [o-auto-1-exec-1] o.a.c.c.C.[Tomcat].[localhost].[/]       : Initializing Spring DispatcherServlet 'dispatcherServlet'
2020-05-16 16:55:33.024  INFO 4706 --- [o-auto-1-exec-1] o.s.web.servlet.DispatcherServlet        : Initializing Servlet 'dispatcherServlet'
2020-05-16 16:55:33.038  INFO 4706 --- [o-auto-1-exec-1] o.s.web.servlet.DispatcherServlet        : Completed initialization in 14 ms
Hibernate: select posts0_.id as id1_0_, posts0_.created_date as created_2_0_, posts0_.modified_date as modified3_0_, posts0_.author as author4_0_, posts0_.content as content5_0_, posts0_.title as title6_0_ from posts posts0_ order by posts0_.id DESC
]]></system-out>
  <system-err><![CDATA[]]></system-err>
</testsuite>
