<?xml version="1.0" encoding="UTF-8"?>
<testsuite name="book.standup.com.springboot.web.PostsApiControllerTest" tests="2" skipped="0" failures="0" errors="0" timestamp="2020-05-20T12:16:35" hostname="jeong-gwang-geun-ui-MacBook-Pro.local" time="0.17">
  <properties/>
  <testcase name="modifyPosts" classname="book.standup.com.springboot.web.PostsApiControllerTest" time="0.153"/>
  <testcase name="registPosts" classname="book.standup.com.springboot.web.PostsApiControllerTest" time="0.017"/>
  <system-out><![CDATA[2020-05-20 21:16:35.252  INFO 17722 --- [    Test worker] .b.t.c.SpringBootTestContextBootstrapper : Neither @ContextConfiguration nor @ContextHierarchy found for test class [book.standup.com.springboot.web.PostsApiControllerTest], using SpringBootContextLoader
2020-05-20 21:16:35.253  INFO 17722 --- [    Test worker] o.s.t.c.support.AbstractContextLoader    : Could not detect default resource locations for test class [book.standup.com.springboot.web.PostsApiControllerTest]: no resource found for suffixes {-context.xml, Context.groovy}.
2020-05-20 21:16:35.254  INFO 17722 --- [    Test worker] t.c.s.AnnotationConfigContextLoaderUtils : Could not detect default configuration classes for test class [book.standup.com.springboot.web.PostsApiControllerTest]: PostsApiControllerTest does not declare any static, non-private, non-final, nested classes annotated with @Configuration.
2020-05-20 21:16:35.255  INFO 17722 --- [    Test worker] .b.t.c.SpringBootTestContextBootstrapper : Found @SpringBootConfiguration book.standup.com.springboot.Application for test class book.standup.com.springboot.web.PostsApiControllerTest
2020-05-20 21:16:35.256  INFO 17722 --- [    Test worker] .b.t.c.SpringBootTestContextBootstrapper : Loaded default TestExecutionListener class names from location [META-INF/spring.factories]: [org.springframework.security.test.context.support.WithSecurityContextTestExecutionListener, org.springframework.security.test.context.support.ReactorContextTestExecutionListener, org.springframework.boot.test.autoconfigure.restdocs.RestDocsTestExecutionListener, org.springframework.boot.test.autoconfigure.web.client.MockRestServiceServerResetTestExecutionListener, org.springframework.boot.test.autoconfigure.web.servlet.MockMvcPrintOnlyOnFailureTestExecutionListener, org.springframework.boot.test.autoconfigure.web.servlet.WebDriverTestExecutionListener, org.springframework.boot.test.mock.mockito.MockitoTestExecutionListener, org.springframework.boot.test.mock.mockito.ResetMocksTestExecutionListener, org.springframework.test.context.web.ServletTestExecutionListener, org.springframework.test.context.support.DirtiesContextBeforeModesTestExecutionListener, org.springframework.test.context.support.DependencyInjectionTestExecutionListener, org.springframework.test.context.support.DirtiesContextTestExecutionListener, org.springframework.test.context.transaction.TransactionalTestExecutionListener, org.springframework.test.context.jdbc.SqlScriptsTestExecutionListener]
2020-05-20 21:16:35.257  INFO 17722 --- [    Test worker] .b.t.c.SpringBootTestContextBootstrapper : Using TestExecutionListeners: [org.springframework.test.context.web.ServletTestExecutionListener@46e45116, org.springframework.test.context.support.DirtiesContextBeforeModesTestExecutionListener@35298543, org.springframework.boot.test.mock.mockito.MockitoTestExecutionListener@33165e4b, org.springframework.boot.test.autoconfigure.SpringBootDependencyInjectionTestExecutionListener@62c1c19a, org.springframework.test.context.support.DirtiesContextTestExecutionListener@6c94035, org.springframework.test.context.transaction.TransactionalTestExecutionListener@7f33de32, org.springframework.test.context.jdbc.SqlScriptsTestExecutionListener@7e562399, org.springframework.security.test.context.support.WithSecurityContextTestExecutionListener@12f7f0d8, org.springframework.security.test.context.support.ReactorContextTestExecutionListener@5e73d25b, org.springframework.boot.test.autoconfigure.restdocs.RestDocsTestExecutionListener@3fd055e9, org.springframework.boot.test.autoconfigure.web.client.MockRestServiceServerResetTestExecutionListener@7055f361, org.springframework.boot.test.autoconfigure.web.servlet.MockMvcPrintOnlyOnFailureTestExecutionListener@5d89ac83, org.springframework.boot.test.autoconfigure.web.servlet.WebDriverTestExecutionListener@1da84c63, org.springframework.boot.test.mock.mockito.ResetMocksTestExecutionListener@206a3d22]
2020-05-20 21:16:35.264  INFO 17722 --- [    Test worker] o.a.c.c.C.[Tomcat].[localhost].[/]       : Initializing Spring TestDispatcherServlet ''
2020-05-20 21:16:35.264  INFO 17722 --- [    Test worker] o.s.t.web.servlet.TestDispatcherServlet  : Initializing Servlet ''
2020-05-20 21:16:35.267  INFO 17722 --- [    Test worker] o.s.t.web.servlet.TestDispatcherServlet  : Completed initialization in 3 ms
Hibernate: insert into posts (created_date, modified_date, author, content, title) values (?, ?, ?, ?, ?)
Hibernate: select posts0_.id as id1_0_0_, posts0_.created_date as created_2_0_0_, posts0_.modified_date as modified3_0_0_, posts0_.author as author4_0_0_, posts0_.content as content5_0_0_, posts0_.title as title6_0_0_ from posts posts0_ where posts0_.id=?
Hibernate: update posts set created_date=?, modified_date=?, author=?, content=?, title=? where id=?
Hibernate: select posts0_.id as id1_0_, posts0_.created_date as created_2_0_, posts0_.modified_date as modified3_0_, posts0_.author as author4_0_, posts0_.content as content5_0_, posts0_.title as title6_0_ from posts posts0_
Hibernate: select posts0_.id as id1_0_, posts0_.created_date as created_2_0_, posts0_.modified_date as modified3_0_, posts0_.author as author4_0_, posts0_.content as content5_0_, posts0_.title as title6_0_ from posts posts0_
Hibernate: delete from posts where id=?
2020-05-20 21:16:35.416  INFO 17722 --- [    Test worker] o.a.c.c.C.[Tomcat].[localhost].[/]       : Initializing Spring TestDispatcherServlet ''
2020-05-20 21:16:35.416  INFO 17722 --- [    Test worker] o.s.t.web.servlet.TestDispatcherServlet  : Initializing Servlet ''
2020-05-20 21:16:35.419  INFO 17722 --- [    Test worker] o.s.t.web.servlet.TestDispatcherServlet  : Completed initialization in 3 ms
Hibernate: insert into posts (created_date, modified_date, author, content, title) values (?, ?, ?, ?, ?)
Hibernate: select posts0_.id as id1_0_, posts0_.created_date as created_2_0_, posts0_.modified_date as modified3_0_, posts0_.author as author4_0_, posts0_.content as content5_0_, posts0_.title as title6_0_ from posts posts0_
Hibernate: select posts0_.id as id1_0_, posts0_.created_date as created_2_0_, posts0_.modified_date as modified3_0_, posts0_.author as author4_0_, posts0_.content as content5_0_, posts0_.title as title6_0_ from posts posts0_
Hibernate: delete from posts where id=?
]]></system-out>
  <system-err><![CDATA[]]></system-err>
</testsuite>
